{"C:\\Users\\Administrator\\Documents\\Node.js\\nodejs-homework-rest-api\\app.js": {"path":"C:\\Users\\Administrator\\Documents\\Node.js\\nodejs-homework-rest-api\\app.js","statementMap":{"0":{"start":{"line":1,"column":16},"end":{"line":1,"column":34}},"1":{"start":{"line":2,"column":15},"end":{"line":2,"column":32}},"2":{"start":{"line":3,"column":13},"end":{"line":3,"column":28}},"3":{"start":{"line":4,"column":15},"end":{"line":4,"column":32}},"4":{"start":{"line":5,"column":18},"end":{"line":5,"column":47}},"5":{"start":{"line":7,"column":23},"end":{"line":7,"column":57}},"6":{"start":{"line":8,"column":20},"end":{"line":8,"column":51}},"7":{"start":{"line":10,"column":12},"end":{"line":10,"column":21}},"8":{"start":{"line":12,"column":22},"end":{"line":12,"column":72}},"9":{"start":{"line":14,"column":0},"end":{"line":14,"column":17}},"10":{"start":{"line":15,"column":0},"end":{"line":15,"column":59}},"11":{"start":{"line":16,"column":0},"end":{"line":16,"column":33}},"12":{"start":{"line":18,"column":16},"end":{"line":28,"column":2}},"13":{"start":{"line":22,"column":4},"end":{"line":26,"column":6}},"14":{"start":{"line":30,"column":0},"end":{"line":30,"column":16}},"15":{"start":{"line":31,"column":0},"end":{"line":31,"column":15}},"16":{"start":{"line":32,"column":0},"end":{"line":32,"column":23}},"17":{"start":{"line":34,"column":0},"end":{"line":34,"column":34}},"18":{"start":{"line":35,"column":0},"end":{"line":35,"column":40}},"19":{"start":{"line":37,"column":0},"end":{"line":39,"column":2}},"20":{"start":{"line":38,"column":2},"end":{"line":38,"column":48}},"21":{"start":{"line":41,"column":0},"end":{"line":48,"column":2}},"22":{"start":{"line":42,"column":17},"end":{"line":42,"column":34}},"23":{"start":{"line":43,"column":2},"end":{"line":47,"column":4}},"24":{"start":{"line":50,"column":0},"end":{"line":50,"column":20}}},"fnMap":{"0":{"name":"(anonymous_0)","decl":{"start":{"line":21,"column":11},"end":{"line":21,"column":12}},"loc":{"start":{"line":21,"column":31},"end":{"line":27,"column":3}},"line":21},"1":{"name":"(anonymous_1)","decl":{"start":{"line":37,"column":8},"end":{"line":37,"column":9}},"loc":{"start":{"line":37,"column":22},"end":{"line":39,"column":1}},"line":37},"2":{"name":"(anonymous_2)","decl":{"start":{"line":41,"column":8},"end":{"line":41,"column":9}},"loc":{"start":{"line":41,"column":33},"end":{"line":48,"column":1}},"line":41}},"branchMap":{"0":{"loc":{"start":{"line":12,"column":22},"end":{"line":12,"column":72}},"type":"cond-expr","locations":[{"start":{"line":12,"column":57},"end":{"line":12,"column":62}},{"start":{"line":12,"column":65},"end":{"line":12,"column":72}}],"line":12},"1":{"loc":{"start":{"line":15,"column":0},"end":{"line":15,"column":59}},"type":"binary-expr","locations":[{"start":{"line":15,"column":0},"end":{"line":15,"column":25}},{"start":{"line":15,"column":29},"end":{"line":15,"column":59}}],"line":15},"2":{"loc":{"start":{"line":42,"column":17},"end":{"line":42,"column":34}},"type":"binary-expr","locations":[{"start":{"line":42,"column":17},"end":{"line":42,"column":27}},{"start":{"line":42,"column":31},"end":{"line":42,"column":34}}],"line":42},"3":{"loc":{"start":{"line":44,"column":12},"end":{"line":44,"column":43}},"type":"cond-expr","locations":[{"start":{"line":44,"column":29},"end":{"line":44,"column":35}},{"start":{"line":44,"column":38},"end":{"line":44,"column":43}}],"line":44}},"s":{"0":1,"1":1,"2":1,"3":1,"4":1,"5":1,"6":1,"7":1,"8":1,"9":1,"10":1,"11":1,"12":1,"13":0,"14":1,"15":1,"16":1,"17":1,"18":1,"19":1,"20":0,"21":1,"22":1,"23":1,"24":1},"f":{"0":0,"1":0,"2":1},"b":{"0":[0,1],"1":[1,0],"2":[1,0],"3":[0,1]},"_coverageSchema":"1a1c01bbd47fc00a2c39e90264f33305004495a9","hash":"09a2a70c6b293ba06b1b78e6102246ab3503c705"}
,"C:\\Users\\Administrator\\Documents\\Node.js\\nodejs-homework-rest-api\\config\\passport.js": {"path":"C:\\Users\\Administrator\\Documents\\Node.js\\nodejs-homework-rest-api\\config\\passport.js","statementMap":{"0":{"start":{"line":1,"column":17},"end":{"line":1,"column":36}},"1":{"start":{"line":2,"column":33},"end":{"line":2,"column":56}},"2":{"start":{"line":3,"column":14},"end":{"line":3,"column":39}},"3":{"start":{"line":5,"column":0},"end":{"line":5,"column":26}},"4":{"start":{"line":6,"column":23},"end":{"line":6,"column":49}},"5":{"start":{"line":8,"column":13},"end":{"line":11,"column":1}},"6":{"start":{"line":13,"column":0},"end":{"line":29,"column":1}},"7":{"start":{"line":15,"column":4},"end":{"line":27,"column":5}},"8":{"start":{"line":16,"column":19},"end":{"line":16,"column":51}},"9":{"start":{"line":18,"column":6},"end":{"line":20,"column":7}},"10":{"start":{"line":19,"column":8},"end":{"line":19,"column":55}},"11":{"start":{"line":21,"column":6},"end":{"line":23,"column":7}},"12":{"start":{"line":22,"column":8},"end":{"line":22,"column":32}},"13":{"start":{"line":24,"column":6},"end":{"line":24,"column":29}},"14":{"start":{"line":26,"column":6},"end":{"line":26,"column":29}}},"fnMap":{"0":{"name":"(anonymous_0)","decl":{"start":{"line":14,"column":21},"end":{"line":14,"column":22}},"loc":{"start":{"line":14,"column":46},"end":{"line":28,"column":3}},"line":14}},"branchMap":{"0":{"loc":{"start":{"line":18,"column":6},"end":{"line":20,"column":7}},"type":"if","locations":[{"start":{"line":18,"column":6},"end":{"line":20,"column":7}},{"start":{"line":18,"column":6},"end":{"line":20,"column":7}}],"line":18},"1":{"loc":{"start":{"line":21,"column":6},"end":{"line":23,"column":7}},"type":"if","locations":[{"start":{"line":21,"column":6},"end":{"line":23,"column":7}},{"start":{"line":21,"column":6},"end":{"line":23,"column":7}}],"line":21}},"s":{"0":1,"1":1,"2":1,"3":1,"4":1,"5":1,"6":1,"7":5,"8":5,"9":5,"10":0,"11":5,"12":0,"13":5,"14":0},"f":{"0":5},"b":{"0":[0,5],"1":[0,5]},"_coverageSchema":"1a1c01bbd47fc00a2c39e90264f33305004495a9","hash":"88bef1743eddebda6014303a826bfff7f79cc9b1"}
,"C:\\Users\\Administrator\\Documents\\Node.js\\nodejs-homework-rest-api\\controllers\\contacts.js": {"path":"C:\\Users\\Administrator\\Documents\\Node.js\\nodejs-homework-rest-api\\controllers\\contacts.js","statementMap":{"0":{"start":{"line":1,"column":16},"end":{"line":1,"column":44}},"1":{"start":{"line":2,"column":21},"end":{"line":2,"column":52}},"2":{"start":{"line":4,"column":23},"end":{"line":18,"column":1}},"3":{"start":{"line":5,"column":2},"end":{"line":17,"column":3}},"4":{"start":{"line":6,"column":19},"end":{"line":6,"column":31}},"5":{"start":{"line":7,"column":21},"end":{"line":7,"column":66}},"6":{"start":{"line":8,"column":4},"end":{"line":14,"column":7}},"7":{"start":{"line":16,"column":4},"end":{"line":16,"column":16}},"8":{"start":{"line":21,"column":16},"end":{"line":45,"column":1}},"9":{"start":{"line":22,"column":2},"end":{"line":44,"column":3}},"10":{"start":{"line":23,"column":20},"end":{"line":23,"column":32}},"11":{"start":{"line":24,"column":20},"end":{"line":24,"column":78}},"12":{"start":{"line":25,"column":4},"end":{"line":40,"column":5}},"13":{"start":{"line":26,"column":6},"end":{"line":32,"column":9}},"14":{"start":{"line":35,"column":6},"end":{"line":39,"column":8}},"15":{"start":{"line":43,"column":4},"end":{"line":43,"column":15}},"16":{"start":{"line":48,"column":15},"end":{"line":62,"column":1}},"17":{"start":{"line":49,"column":3},"end":{"line":61,"column":3}},"18":{"start":{"line":50,"column":19},"end":{"line":50,"column":31}},"19":{"start":{"line":51,"column":21},"end":{"line":51,"column":63}},"20":{"start":{"line":52,"column":6},"end":{"line":58,"column":7}},"21":{"start":{"line":60,"column":4},"end":{"line":60,"column":16}},"22":{"start":{"line":64,"column":15},"end":{"line":86,"column":1}},"23":{"start":{"line":65,"column":2},"end":{"line":85,"column":3}},"24":{"start":{"line":66,"column":17},"end":{"line":66,"column":29}},"25":{"start":{"line":67,"column":19},"end":{"line":67,"column":76}},"26":{"start":{"line":68,"column":4},"end":{"line":81,"column":5}},"27":{"start":{"line":69,"column":6},"end":{"line":73,"column":8}},"28":{"start":{"line":76,"column":6},"end":{"line":80,"column":8}},"29":{"start":{"line":84,"column":4},"end":{"line":84,"column":15}},"30":{"start":{"line":89,"column":16},"end":{"line":113,"column":1}},"31":{"start":{"line":90,"column":2},"end":{"line":112,"column":3}},"32":{"start":{"line":91,"column":20},"end":{"line":91,"column":32}},"33":{"start":{"line":92,"column":20},"end":{"line":92,"column":87}},"34":{"start":{"line":93,"column":4},"end":{"line":108,"column":5}},"35":{"start":{"line":94,"column":6},"end":{"line":100,"column":8}},"36":{"start":{"line":103,"column":6},"end":{"line":107,"column":8}},"37":{"start":{"line":111,"column":4},"end":{"line":111,"column":15}},"38":{"start":{"line":115,"column":21},"end":{"line":139,"column":1}},"39":{"start":{"line":116,"column":2},"end":{"line":138,"column":3}},"40":{"start":{"line":117,"column":20},"end":{"line":117,"column":32}},"41":{"start":{"line":118,"column":20},"end":{"line":118,"column":87}},"42":{"start":{"line":119,"column":4},"end":{"line":134,"column":5}},"43":{"start":{"line":120,"column":6},"end":{"line":126,"column":8}},"44":{"start":{"line":129,"column":6},"end":{"line":133,"column":8}},"45":{"start":{"line":137,"column":4},"end":{"line":137,"column":15}},"46":{"start":{"line":141,"column":0},"end":{"line":148,"column":1}}},"fnMap":{"0":{"name":"(anonymous_0)","decl":{"start":{"line":4,"column":23},"end":{"line":4,"column":24}},"loc":{"start":{"line":4,"column":49},"end":{"line":18,"column":1}},"line":4},"1":{"name":"(anonymous_1)","decl":{"start":{"line":21,"column":16},"end":{"line":21,"column":17}},"loc":{"start":{"line":21,"column":42},"end":{"line":45,"column":1}},"line":21},"2":{"name":"(anonymous_2)","decl":{"start":{"line":48,"column":15},"end":{"line":48,"column":16}},"loc":{"start":{"line":48,"column":41},"end":{"line":62,"column":1}},"line":48},"3":{"name":"(anonymous_3)","decl":{"start":{"line":64,"column":15},"end":{"line":64,"column":16}},"loc":{"start":{"line":64,"column":41},"end":{"line":86,"column":1}},"line":64},"4":{"name":"(anonymous_4)","decl":{"start":{"line":89,"column":16},"end":{"line":89,"column":17}},"loc":{"start":{"line":89,"column":42},"end":{"line":113,"column":1}},"line":89},"5":{"name":"(anonymous_5)","decl":{"start":{"line":115,"column":21},"end":{"line":115,"column":22}},"loc":{"start":{"line":115,"column":47},"end":{"line":139,"column":1}},"line":115}},"branchMap":{"0":{"loc":{"start":{"line":25,"column":4},"end":{"line":40,"column":5}},"type":"if","locations":[{"start":{"line":25,"column":4},"end":{"line":40,"column":5}},{"start":{"line":25,"column":4},"end":{"line":40,"column":5}}],"line":25},"1":{"loc":{"start":{"line":68,"column":4},"end":{"line":81,"column":5}},"type":"if","locations":[{"start":{"line":68,"column":4},"end":{"line":81,"column":5}},{"start":{"line":68,"column":4},"end":{"line":81,"column":5}}],"line":68},"2":{"loc":{"start":{"line":93,"column":4},"end":{"line":108,"column":5}},"type":"if","locations":[{"start":{"line":93,"column":4},"end":{"line":108,"column":5}},{"start":{"line":93,"column":4},"end":{"line":108,"column":5}}],"line":93},"3":{"loc":{"start":{"line":119,"column":4},"end":{"line":134,"column":5}},"type":"if","locations":[{"start":{"line":119,"column":4},"end":{"line":134,"column":5}},{"start":{"line":119,"column":4},"end":{"line":134,"column":5}}],"line":119}},"s":{"0":1,"1":1,"2":1,"3":1,"4":1,"5":1,"6":1,"7":0,"8":1,"9":3,"10":3,"11":3,"12":3,"13":1,"14":2,"15":0,"16":1,"17":0,"18":0,"19":0,"20":0,"21":0,"22":1,"23":0,"24":0,"25":0,"26":0,"27":0,"28":0,"29":0,"30":1,"31":0,"32":0,"33":0,"34":0,"35":0,"36":0,"37":0,"38":1,"39":0,"40":0,"41":0,"42":0,"43":0,"44":0,"45":0,"46":1},"f":{"0":1,"1":3,"2":0,"3":0,"4":0,"5":0},"b":{"0":[1,2],"1":[0,0],"2":[0,0],"3":[0,0]},"_coverageSchema":"1a1c01bbd47fc00a2c39e90264f33305004495a9","hash":"5942702f19127e79affb409a32e13a19115fc41f"}
,"C:\\Users\\Administrator\\Documents\\Node.js\\nodejs-homework-rest-api\\controllers\\users.js": {"path":"C:\\Users\\Administrator\\Documents\\Node.js\\nodejs-homework-rest-api\\controllers\\users.js","statementMap":{"0":{"start":{"line":1,"column":12},"end":{"line":1,"column":35}},"1":{"start":{"line":2,"column":13},"end":{"line":2,"column":28}},"2":{"start":{"line":3,"column":11},"end":{"line":3,"column":33}},"3":{"start":{"line":4,"column":13},"end":{"line":4,"column":28}},"4":{"start":{"line":6,"column":0},"end":{"line":6,"column":26}},"5":{"start":{"line":7,"column":23},"end":{"line":7,"column":49}},"6":{"start":{"line":9,"column":14},"end":{"line":9,"column":39}},"7":{"start":{"line":10,"column":21},"end":{"line":10,"column":52}},"8":{"start":{"line":12,"column":15},"end":{"line":37,"column":1}},"9":{"start":{"line":13,"column":20},"end":{"line":13,"column":28}},"10":{"start":{"line":14,"column":15},"end":{"line":14,"column":45}},"11":{"start":{"line":15,"column":2},"end":{"line":21,"column":3}},"12":{"start":{"line":16,"column":4},"end":{"line":20,"column":8}},"13":{"start":{"line":22,"column":2},"end":{"line":36,"column":3}},"14":{"start":{"line":23,"column":20},"end":{"line":23,"column":48}},"15":{"start":{"line":24,"column":4},"end":{"line":33,"column":6}},"16":{"start":{"line":35,"column":4},"end":{"line":35,"column":11}},"17":{"start":{"line":39,"column":14},"end":{"line":58,"column":1}},"18":{"start":{"line":40,"column":29},"end":{"line":40,"column":37}},"19":{"start":{"line":41,"column":17},"end":{"line":41,"column":47}},"20":{"start":{"line":42,"column":28},"end":{"line":42,"column":63}},"21":{"start":{"line":43,"column":4},"end":{"line":49,"column":5}},"22":{"start":{"line":44,"column":4},"end":{"line":48,"column":6}},"23":{"start":{"line":50,"column":20},"end":{"line":50,"column":35}},"24":{"start":{"line":51,"column":18},"end":{"line":51,"column":72}},"25":{"start":{"line":52,"column":1},"end":{"line":52,"column":40}},"26":{"start":{"line":53,"column":2},"end":{"line":57,"column":4}},"27":{"start":{"line":59,"column":15},"end":{"line":63,"column":1}},"28":{"start":{"line":60,"column":13},"end":{"line":60,"column":24}},"29":{"start":{"line":61,"column":2},"end":{"line":61,"column":35}},"30":{"start":{"line":62,"column":2},"end":{"line":62,"column":49}},"31":{"start":{"line":66,"column":16},"end":{"line":90,"column":1}},"32":{"start":{"line":67,"column":2},"end":{"line":89,"column":3}},"33":{"start":{"line":68,"column":19},"end":{"line":68,"column":31}},"34":{"start":{"line":69,"column":17},"end":{"line":69,"column":51}},"35":{"start":{"line":70,"column":4},"end":{"line":70,"column":22}},"36":{"start":{"line":71,"column":4},"end":{"line":86,"column":5}},"37":{"start":{"line":72,"column":6},"end":{"line":79,"column":9}},"38":{"start":{"line":81,"column":6},"end":{"line":85,"column":9}},"39":{"start":{"line":88,"column":4},"end":{"line":88,"column":16}},"40":{"start":{"line":91,"column":21},"end":{"line":102,"column":1}},"41":{"start":{"line":92,"column":17},"end":{"line":92,"column":25}},"42":{"start":{"line":93,"column":20},"end":{"line":93,"column":45}},"43":{"start":{"line":94,"column":2},"end":{"line":94,"column":41}},"44":{"start":{"line":95,"column":2},"end":{"line":100,"column":6}},"45":{"start":{"line":104,"column":23},"end":{"line":128,"column":1}},"46":{"start":{"line":105,"column":23},"end":{"line":105,"column":49}},"47":{"start":{"line":107,"column":19},"end":{"line":107,"column":32}},"48":{"start":{"line":108,"column":24},"end":{"line":108,"column":75}},"49":{"start":{"line":109,"column":14},"end":{"line":109,"column":39}},"50":{"start":{"line":110,"column":2},"end":{"line":113,"column":20}},"51":{"start":{"line":114,"column":2},"end":{"line":121,"column":3}},"52":{"start":{"line":115,"column":4},"end":{"line":118,"column":5}},"53":{"start":{"line":120,"column":4},"end":{"line":120,"column":26}},"54":{"start":{"line":122,"column":21},"end":{"line":122,"column":36}},"55":{"start":{"line":123,"column":2},"end":{"line":125,"column":3}},"56":{"start":{"line":124,"column":4},"end":{"line":124,"column":66}},"57":{"start":{"line":127,"column":2},"end":{"line":127,"column":68}},"58":{"start":{"line":130,"column":0},"end":{"line":136,"column":1}}},"fnMap":{"0":{"name":"(anonymous_0)","decl":{"start":{"line":12,"column":15},"end":{"line":12,"column":16}},"loc":{"start":{"line":12,"column":41},"end":{"line":37,"column":1}},"line":12},"1":{"name":"(anonymous_1)","decl":{"start":{"line":39,"column":14},"end":{"line":39,"column":15}},"loc":{"start":{"line":39,"column":40},"end":{"line":58,"column":1}},"line":39},"2":{"name":"(anonymous_2)","decl":{"start":{"line":59,"column":15},"end":{"line":59,"column":16}},"loc":{"start":{"line":59,"column":41},"end":{"line":63,"column":1}},"line":59},"3":{"name":"(anonymous_3)","decl":{"start":{"line":66,"column":16},"end":{"line":66,"column":17}},"loc":{"start":{"line":66,"column":42},"end":{"line":90,"column":1}},"line":66},"4":{"name":"(anonymous_4)","decl":{"start":{"line":91,"column":21},"end":{"line":91,"column":22}},"loc":{"start":{"line":91,"column":47},"end":{"line":102,"column":1}},"line":91},"5":{"name":"(anonymous_5)","decl":{"start":{"line":104,"column":23},"end":{"line":104,"column":24}},"loc":{"start":{"line":104,"column":38},"end":{"line":128,"column":1}},"line":104}},"branchMap":{"0":{"loc":{"start":{"line":15,"column":2},"end":{"line":21,"column":3}},"type":"if","locations":[{"start":{"line":15,"column":2},"end":{"line":21,"column":3}},{"start":{"line":15,"column":2},"end":{"line":21,"column":3}}],"line":15},"1":{"loc":{"start":{"line":43,"column":4},"end":{"line":49,"column":5}},"type":"if","locations":[{"start":{"line":43,"column":4},"end":{"line":49,"column":5}},{"start":{"line":43,"column":4},"end":{"line":49,"column":5}}],"line":43},"2":{"loc":{"start":{"line":43,"column":8},"end":{"line":43,"column":33}},"type":"binary-expr","locations":[{"start":{"line":43,"column":8},"end":{"line":43,"column":13}},{"start":{"line":43,"column":17},"end":{"line":43,"column":33}}],"line":43},"3":{"loc":{"start":{"line":71,"column":4},"end":{"line":86,"column":5}},"type":"if","locations":[{"start":{"line":71,"column":4},"end":{"line":86,"column":5}},{"start":{"line":71,"column":4},"end":{"line":86,"column":5}}],"line":71},"4":{"loc":{"start":{"line":123,"column":2},"end":{"line":125,"column":3}},"type":"if","locations":[{"start":{"line":123,"column":2},"end":{"line":125,"column":3}},{"start":{"line":123,"column":2},"end":{"line":125,"column":3}}],"line":123}},"s":{"0":1,"1":1,"2":1,"3":1,"4":1,"5":1,"6":1,"7":1,"8":1,"9":0,"10":0,"11":0,"12":0,"13":0,"14":0,"15":0,"16":0,"17":1,"18":0,"19":0,"20":0,"21":0,"22":0,"23":0,"24":0,"25":0,"26":0,"27":1,"28":0,"29":0,"30":0,"31":1,"32":0,"33":0,"34":0,"35":0,"36":0,"37":0,"38":0,"39":0,"40":1,"41":0,"42":0,"43":0,"44":0,"45":1,"46":0,"47":0,"48":0,"49":0,"50":0,"51":0,"52":0,"53":0,"54":0,"55":0,"56":0,"57":0,"58":1},"f":{"0":0,"1":0,"2":0,"3":0,"4":0,"5":0},"b":{"0":[0,0],"1":[0,0],"2":[0,0],"3":[0,0],"4":[0,0]},"_coverageSchema":"1a1c01bbd47fc00a2c39e90264f33305004495a9","hash":"ceb288790f9562636e0429dc17c78d456ac5bb82"}
,"C:\\Users\\Administrator\\Documents\\Node.js\\nodejs-homework-rest-api\\helpers\\constants.js": {"path":"C:\\Users\\Administrator\\Documents\\Node.js\\nodejs-homework-rest-api\\helpers\\constants.js","statementMap":{"0":{"start":{"line":2,"column":17},"end":{"line":10,"column":1}},"1":{"start":{"line":12,"column":0},"end":{"line":14,"column":1}}},"fnMap":{},"branchMap":{},"s":{"0":1,"1":1},"f":{},"b":{},"_coverageSchema":"1a1c01bbd47fc00a2c39e90264f33305004495a9","hash":"963d4adc2915ca5e42e235463cdefb9f5ad1d54a"}
,"C:\\Users\\Administrator\\Documents\\Node.js\\nodejs-homework-rest-api\\helpers\\guard.js": {"path":"C:\\Users\\Administrator\\Documents\\Node.js\\nodejs-homework-rest-api\\helpers\\guard.js","statementMap":{"0":{"start":{"line":1,"column":17},"end":{"line":1,"column":36}},"1":{"start":{"line":2,"column":21},"end":{"line":2,"column":43}},"2":{"start":{"line":3,"column":0},"end":{"line":3,"column":29}},"3":{"start":{"line":5,"column":14},"end":{"line":21,"column":1}},"4":{"start":{"line":6,"column":2},"end":{"line":20,"column":20}},"5":{"start":{"line":7,"column":16},"end":{"line":7,"column":20}},"6":{"start":{"line":8,"column":4},"end":{"line":10,"column":5}},"7":{"start":{"line":9,"column":6},"end":{"line":9,"column":52}},"8":{"start":{"line":11,"column":4},"end":{"line":17,"column":5}},"9":{"start":{"line":12,"column":6},"end":{"line":16,"column":8}},"10":{"start":{"line":18,"column":4},"end":{"line":18,"column":19}},"11":{"start":{"line":19,"column":4},"end":{"line":19,"column":17}},"12":{"start":{"line":23,"column":0},"end":{"line":23,"column":22}}},"fnMap":{"0":{"name":"(anonymous_0)","decl":{"start":{"line":5,"column":14},"end":{"line":5,"column":15}},"loc":{"start":{"line":5,"column":34},"end":{"line":21,"column":1}},"line":5},"1":{"name":"(anonymous_1)","decl":{"start":{"line":6,"column":51},"end":{"line":6,"column":52}},"loc":{"start":{"line":6,"column":66},"end":{"line":20,"column":3}},"line":6}},"branchMap":{"0":{"loc":{"start":{"line":8,"column":4},"end":{"line":10,"column":5}},"type":"if","locations":[{"start":{"line":8,"column":4},"end":{"line":10,"column":5}},{"start":{"line":8,"column":4},"end":{"line":10,"column":5}}],"line":8},"1":{"loc":{"start":{"line":11,"column":4},"end":{"line":17,"column":5}},"type":"if","locations":[{"start":{"line":11,"column":4},"end":{"line":17,"column":5}},{"start":{"line":11,"column":4},"end":{"line":17,"column":5}}],"line":11},"2":{"loc":{"start":{"line":11,"column":8},"end":{"line":11,"column":44}},"type":"binary-expr","locations":[{"start":{"line":11,"column":8},"end":{"line":11,"column":13}},{"start":{"line":11,"column":17},"end":{"line":11,"column":20}},{"start":{"line":11,"column":24},"end":{"line":11,"column":44}}],"line":11}},"s":{"0":1,"1":1,"2":1,"3":1,"4":5,"5":5,"6":5,"7":5,"8":5,"9":0,"10":5,"11":5,"12":1},"f":{"0":5,"1":5},"b":{"0":[5,0],"1":[0,5],"2":[5,5,5]},"_coverageSchema":"1a1c01bbd47fc00a2c39e90264f33305004495a9","hash":"7f7aad9ece92e58efe310fbb1d5469933c288422"}
,"C:\\Users\\Administrator\\Documents\\Node.js\\nodejs-homework-rest-api\\helpers\\tmp-avatar.js": {"path":"C:\\Users\\Administrator\\Documents\\Node.js\\nodejs-homework-rest-api\\helpers\\tmp-avatar.js","statementMap":{"0":{"start":{"line":1,"column":15},"end":{"line":1,"column":32}},"1":{"start":{"line":2,"column":13},"end":{"line":2,"column":28}},"2":{"start":{"line":3,"column":0},"end":{"line":3,"column":26}},"3":{"start":{"line":5,"column":15},"end":{"line":5,"column":60}},"4":{"start":{"line":7,"column":16},"end":{"line":14,"column":2}},"5":{"start":{"line":9,"column":4},"end":{"line":9,"column":21}},"6":{"start":{"line":12,"column":4},"end":{"line":12,"column":31}},"7":{"start":{"line":16,"column":15},"end":{"line":31,"column":2}},"8":{"start":{"line":20,"column":8},"end":{"line":24,"column":5}},"9":{"start":{"line":22,"column":12},"end":{"line":22,"column":26}},"10":{"start":{"line":23,"column":8},"end":{"line":23,"column":14}},"11":{"start":{"line":25,"column":12},"end":{"line":25,"column":54}},"12":{"start":{"line":26,"column":4},"end":{"line":26,"column":20}},"13":{"start":{"line":27,"column":4},"end":{"line":27,"column":11}},"14":{"start":{"line":33,"column":0},"end":{"line":33,"column":23}}},"fnMap":{"0":{"name":"(anonymous_0)","decl":{"start":{"line":8,"column":15},"end":{"line":8,"column":16}},"loc":{"start":{"line":8,"column":40},"end":{"line":10,"column":3}},"line":8},"1":{"name":"(anonymous_1)","decl":{"start":{"line":11,"column":12},"end":{"line":11,"column":13}},"loc":{"start":{"line":11,"column":37},"end":{"line":13,"column":3}},"line":11},"2":{"name":"(anonymous_2)","decl":{"start":{"line":19,"column":16},"end":{"line":19,"column":17}},"loc":{"start":{"line":19,"column":35},"end":{"line":30,"column":1}},"line":19}},"branchMap":{"0":{"loc":{"start":{"line":20,"column":8},"end":{"line":24,"column":5}},"type":"if","locations":[{"start":{"line":20,"column":8},"end":{"line":24,"column":5}},{"start":{"line":20,"column":8},"end":{"line":24,"column":5}}],"line":20}},"s":{"0":1,"1":1,"2":1,"3":1,"4":1,"5":0,"6":0,"7":1,"8":0,"9":0,"10":0,"11":0,"12":0,"13":0,"14":1},"f":{"0":0,"1":0,"2":0},"b":{"0":[0,0]},"_coverageSchema":"1a1c01bbd47fc00a2c39e90264f33305004495a9","hash":"c3ec426745da6818a587c90cfd93b77bc56ceeeb"}
,"C:\\Users\\Administrator\\Documents\\Node.js\\nodejs-homework-rest-api\\routes\\contacts\\index.js": {"path":"C:\\Users\\Administrator\\Documents\\Node.js\\nodejs-homework-rest-api\\routes\\contacts\\index.js","statementMap":{"0":{"start":{"line":1,"column":16},"end":{"line":1,"column":34}},"1":{"start":{"line":2,"column":15},"end":{"line":2,"column":31}},"2":{"start":{"line":9,"column":18},"end":{"line":9,"column":55}},"3":{"start":{"line":13,"column":26},"end":{"line":13,"column":60}},"4":{"start":{"line":14,"column":14},"end":{"line":14,"column":44}},"5":{"start":{"line":16,"column":0},"end":{"line":16,"column":63}},"6":{"start":{"line":17,"column":0},"end":{"line":17,"column":42}},"7":{"start":{"line":18,"column":0},"end":{"line":18,"column":56}},"8":{"start":{"line":19,"column":0},"end":{"line":19,"column":43}},"9":{"start":{"line":20,"column":0},"end":{"line":20,"column":65}},"10":{"start":{"line":21,"column":0},"end":{"line":21,"column":88}},"11":{"start":{"line":23,"column":0},"end":{"line":23,"column":23}}},"fnMap":{},"branchMap":{},"s":{"0":1,"1":1,"2":1,"3":1,"4":1,"5":1,"6":1,"7":1,"8":1,"9":1,"10":1,"11":1},"f":{},"b":{},"_coverageSchema":"1a1c01bbd47fc00a2c39e90264f33305004495a9","hash":"b965ea1e25a55735a1a41962b96da72c9554a0fc"}
,"C:\\Users\\Administrator\\Documents\\Node.js\\nodejs-homework-rest-api\\routes\\contacts\\valid-router-contacts.js": {"path":"C:\\Users\\Administrator\\Documents\\Node.js\\nodejs-homework-rest-api\\routes\\contacts\\valid-router-contacts.js","statementMap":{"0":{"start":{"line":1,"column":12},"end":{"line":1,"column":26}},"1":{"start":{"line":2,"column":17},"end":{"line":2,"column":36}},"2":{"start":{"line":4,"column":28},"end":{"line":8,"column":2}},"3":{"start":{"line":10,"column":27},"end":{"line":15,"column":2}},"4":{"start":{"line":18,"column":28},"end":{"line":22,"column":31}},"5":{"start":{"line":24,"column":34},"end":{"line":26,"column":2}},"6":{"start":{"line":28,"column":17},"end":{"line":40,"column":1}},"7":{"start":{"line":29,"column":4},"end":{"line":39,"column":5}},"8":{"start":{"line":30,"column":8},"end":{"line":30,"column":40}},"9":{"start":{"line":31,"column":8},"end":{"line":31,"column":21}},"10":{"start":{"line":34,"column":8},"end":{"line":34,"column":25}},"11":{"start":{"line":35,"column":8},"end":{"line":38,"column":10}},"12":{"start":{"line":42,"column":0},"end":{"line":56,"column":1}},"13":{"start":{"line":44,"column":8},"end":{"line":44,"column":66}},"14":{"start":{"line":47,"column":8},"end":{"line":47,"column":66}},"15":{"start":{"line":50,"column":8},"end":{"line":50,"column":66}},"16":{"start":{"line":53,"column":8},"end":{"line":53,"column":72}}},"fnMap":{"0":{"name":"(anonymous_0)","decl":{"start":{"line":28,"column":17},"end":{"line":28,"column":18}},"loc":{"start":{"line":28,"column":46},"end":{"line":40,"column":1}},"line":28},"1":{"name":"(anonymous_1)","decl":{"start":{"line":43,"column":29},"end":{"line":43,"column":30}},"loc":{"start":{"line":43,"column":55},"end":{"line":45,"column":5}},"line":43},"2":{"name":"(anonymous_2)","decl":{"start":{"line":46,"column":29},"end":{"line":46,"column":30}},"loc":{"start":{"line":46,"column":55},"end":{"line":48,"column":5}},"line":46},"3":{"name":"(anonymous_3)","decl":{"start":{"line":49,"column":30},"end":{"line":49,"column":31}},"loc":{"start":{"line":49,"column":56},"end":{"line":51,"column":5}},"line":49},"4":{"name":"(anonymous_4)","decl":{"start":{"line":52,"column":35},"end":{"line":52,"column":36}},"loc":{"start":{"line":52,"column":61},"end":{"line":54,"column":5}},"line":52}},"branchMap":{},"s":{"0":1,"1":1,"2":1,"3":1,"4":1,"5":1,"6":1,"7":2,"8":2,"9":1,"10":1,"11":1,"12":1,"13":1,"14":1,"15":0,"16":0},"f":{"0":2,"1":1,"2":1,"3":0,"4":0},"b":{},"_coverageSchema":"1a1c01bbd47fc00a2c39e90264f33305004495a9","hash":"807b6249ecda0e3ac595e42e5ed381b2935f3c8b"}
,"C:\\Users\\Administrator\\Documents\\Node.js\\nodejs-homework-rest-api\\routes\\users\\index.js": {"path":"C:\\Users\\Administrator\\Documents\\Node.js\\nodejs-homework-rest-api\\routes\\users\\index.js","statementMap":{"0":{"start":{"line":1,"column":16},"end":{"line":1,"column":34}},"1":{"start":{"line":2,"column":15},"end":{"line":2,"column":31}},"2":{"start":{"line":3,"column":54},"end":{"line":3,"column":88}},"3":{"start":{"line":4,"column":14},"end":{"line":4,"column":44}},"4":{"start":{"line":5,"column":21},"end":{"line":5,"column":56}},"5":{"start":{"line":6,"column":52},"end":{"line":6,"column":82}},"6":{"start":{"line":9,"column":0},"end":{"line":9,"column":51}},"7":{"start":{"line":10,"column":0},"end":{"line":10,"column":49}},"8":{"start":{"line":11,"column":0},"end":{"line":11,"column":37}},"9":{"start":{"line":12,"column":0},"end":{"line":12,"column":38}},"10":{"start":{"line":13,"column":0},"end":{"line":16,"column":17}},"11":{"start":{"line":19,"column":0},"end":{"line":19,"column":23}}},"fnMap":{},"branchMap":{},"s":{"0":1,"1":1,"2":1,"3":1,"4":1,"5":1,"6":1,"7":1,"8":1,"9":1,"10":1,"11":1},"f":{},"b":{},"_coverageSchema":"1a1c01bbd47fc00a2c39e90264f33305004495a9","hash":"fcc6b00041ce732fb9162b9b3940ee6d12e623c8"}
,"C:\\Users\\Administrator\\Documents\\Node.js\\nodejs-homework-rest-api\\routes\\users\\valid-router-user.js": {"path":"C:\\Users\\Administrator\\Documents\\Node.js\\nodejs-homework-rest-api\\routes\\users\\valid-router-user.js","statementMap":{"0":{"start":{"line":1,"column":12},"end":{"line":1,"column":26}},"1":{"start":{"line":2,"column":17},"end":{"line":2,"column":51}},"2":{"start":{"line":4,"column":21},"end":{"line":12,"column":2}},"3":{"start":{"line":14,"column":20},"end":{"line":23,"column":2}},"4":{"start":{"line":25,"column":17},"end":{"line":36,"column":1}},"5":{"start":{"line":26,"column":2},"end":{"line":35,"column":3}},"6":{"start":{"line":27,"column":4},"end":{"line":27,"column":36}},"7":{"start":{"line":28,"column":4},"end":{"line":28,"column":18}},"8":{"start":{"line":30,"column":4},"end":{"line":30,"column":21}},"9":{"start":{"line":31,"column":4},"end":{"line":34,"column":7}},"10":{"start":{"line":38,"column":0},"end":{"line":45,"column":2}},"11":{"start":{"line":40,"column":4},"end":{"line":40,"column":56}},"12":{"start":{"line":43,"column":4},"end":{"line":43,"column":55}}},"fnMap":{"0":{"name":"(anonymous_0)","decl":{"start":{"line":25,"column":17},"end":{"line":25,"column":18}},"loc":{"start":{"line":25,"column":46},"end":{"line":36,"column":1}},"line":25},"1":{"name":"(anonymous_1)","decl":{"start":{"line":39,"column":24},"end":{"line":39,"column":25}},"loc":{"start":{"line":39,"column":50},"end":{"line":41,"column":3}},"line":39},"2":{"name":"(anonymous_2)","decl":{"start":{"line":42,"column":23},"end":{"line":42,"column":24}},"loc":{"start":{"line":42,"column":49},"end":{"line":44,"column":3}},"line":42}},"branchMap":{},"s":{"0":1,"1":1,"2":1,"3":1,"4":1,"5":0,"6":0,"7":0,"8":0,"9":0,"10":1,"11":0,"12":0},"f":{"0":0,"1":0,"2":0},"b":{},"_coverageSchema":"1a1c01bbd47fc00a2c39e90264f33305004495a9","hash":"f1dfd8906bd6635646c89c956dce3ec430d6fb49"}
}
