TN:
SF:app.js
FN:21,(anonymous_0)
FN:37,(anonymous_1)
FN:41,(anonymous_2)
FNF:3
FNH:1
FNDA:0,(anonymous_0)
FNDA:0,(anonymous_1)
FNDA:1,(anonymous_2)
DA:1,1
DA:2,1
DA:3,1
DA:4,1
DA:5,1
DA:7,1
DA:8,1
DA:10,1
DA:12,1
DA:14,1
DA:15,1
DA:16,1
DA:18,1
DA:22,0
DA:30,1
DA:31,1
DA:32,1
DA:34,1
DA:35,1
DA:37,1
DA:38,0
DA:41,1
DA:42,1
DA:43,1
DA:50,1
LF:25
LH:23
BRDA:12,0,0,0
BRDA:12,0,1,1
BRDA:15,1,0,1
BRDA:15,1,1,0
BRDA:42,2,0,1
BRDA:42,2,1,0
BRDA:44,3,0,0
BRDA:44,3,1,1
BRF:8
BRH:4
end_of_record
TN:
SF:config\passport.js
FN:14,(anonymous_0)
FNF:1
FNH:1
FNDA:5,(anonymous_0)
DA:1,1
DA:2,1
DA:3,1
DA:5,1
DA:6,1
DA:8,1
DA:13,1
DA:15,5
DA:16,5
DA:18,5
DA:19,0
DA:21,5
DA:22,0
DA:24,5
DA:26,0
LF:15
LH:12
BRDA:18,0,0,0
BRDA:18,0,1,5
BRDA:21,1,0,0
BRDA:21,1,1,5
BRF:4
BRH:2
end_of_record
TN:
SF:controllers\contacts.js
FN:4,(anonymous_0)
FN:21,(anonymous_1)
FN:48,(anonymous_2)
FN:64,(anonymous_3)
FN:89,(anonymous_4)
FN:115,(anonymous_5)
FNF:6
FNH:2
FNDA:1,(anonymous_0)
FNDA:3,(anonymous_1)
FNDA:0,(anonymous_2)
FNDA:0,(anonymous_3)
FNDA:0,(anonymous_4)
FNDA:0,(anonymous_5)
DA:1,1
DA:2,1
DA:4,1
DA:5,1
DA:6,1
DA:7,1
DA:8,1
DA:16,0
DA:21,1
DA:22,3
DA:23,3
DA:24,3
DA:25,3
DA:26,1
DA:35,2
DA:43,0
DA:48,1
DA:49,0
DA:50,0
DA:51,0
DA:52,0
DA:60,0
DA:64,1
DA:65,0
DA:66,0
DA:67,0
DA:68,0
DA:69,0
DA:76,0
DA:84,0
DA:89,1
DA:90,0
DA:91,0
DA:92,0
DA:93,0
DA:94,0
DA:103,0
DA:111,0
DA:115,1
DA:116,0
DA:117,0
DA:118,0
DA:119,0
DA:120,0
DA:129,0
DA:137,0
DA:141,1
LF:47
LH:19
BRDA:25,0,0,1
BRDA:25,0,1,2
BRDA:68,1,0,0
BRDA:68,1,1,0
BRDA:93,2,0,0
BRDA:93,2,1,0
BRDA:119,3,0,0
BRDA:119,3,1,0
BRF:8
BRH:2
end_of_record
TN:
SF:controllers\users.js
FN:12,(anonymous_0)
FN:39,(anonymous_1)
FN:59,(anonymous_2)
FN:66,(anonymous_3)
FN:91,(anonymous_4)
FN:104,(anonymous_5)
FNF:6
FNH:0
FNDA:0,(anonymous_0)
FNDA:0,(anonymous_1)
FNDA:0,(anonymous_2)
FNDA:0,(anonymous_3)
FNDA:0,(anonymous_4)
FNDA:0,(anonymous_5)
DA:1,1
DA:2,1
DA:3,1
DA:4,1
DA:6,1
DA:7,1
DA:9,1
DA:10,1
DA:12,1
DA:13,0
DA:14,0
DA:15,0
DA:16,0
DA:22,0
DA:23,0
DA:24,0
DA:35,0
DA:39,1
DA:40,0
DA:41,0
DA:42,0
DA:43,0
DA:44,0
DA:50,0
DA:51,0
DA:52,0
DA:53,0
DA:59,1
DA:60,0
DA:61,0
DA:62,0
DA:66,1
DA:67,0
DA:68,0
DA:69,0
DA:70,0
DA:71,0
DA:72,0
DA:81,0
DA:88,0
DA:91,1
DA:92,0
DA:93,0
DA:94,0
DA:95,0
DA:104,1
DA:105,0
DA:107,0
DA:108,0
DA:109,0
DA:110,0
DA:114,0
DA:115,0
DA:120,0
DA:122,0
DA:123,0
DA:124,0
DA:127,0
DA:130,1
LF:59
LH:15
BRDA:15,0,0,0
BRDA:15,0,1,0
BRDA:43,1,0,0
BRDA:43,1,1,0
BRDA:43,2,0,0
BRDA:43,2,1,0
BRDA:71,3,0,0
BRDA:71,3,1,0
BRDA:123,4,0,0
BRDA:123,4,1,0
BRF:10
BRH:0
end_of_record
TN:
SF:helpers\constants.js
FNF:0
FNH:0
DA:2,1
DA:12,1
LF:2
LH:2
BRF:0
BRH:0
end_of_record
TN:
SF:helpers\guard.js
FN:5,(anonymous_0)
FN:6,(anonymous_1)
FNF:2
FNH:2
FNDA:5,(anonymous_0)
FNDA:5,(anonymous_1)
DA:1,1
DA:2,1
DA:3,1
DA:5,1
DA:6,5
DA:7,5
DA:8,5
DA:9,5
DA:11,5
DA:12,0
DA:18,5
DA:19,5
DA:23,1
LF:13
LH:12
BRDA:8,0,0,5
BRDA:8,0,1,0
BRDA:11,1,0,0
BRDA:11,1,1,5
BRDA:11,2,0,5
BRDA:11,2,1,5
BRDA:11,2,2,5
BRF:7
BRH:5
end_of_record
TN:
SF:helpers\tmp-avatar.js
FN:8,(anonymous_0)
FN:11,(anonymous_1)
FN:19,(anonymous_2)
FNF:3
FNH:0
FNDA:0,(anonymous_0)
FNDA:0,(anonymous_1)
FNDA:0,(anonymous_2)
DA:1,1
DA:2,1
DA:3,1
DA:5,1
DA:7,1
DA:9,0
DA:12,0
DA:16,1
DA:20,0
DA:22,0
DA:23,0
DA:25,0
DA:26,0
DA:27,0
DA:33,1
LF:15
LH:7
BRDA:20,0,0,0
BRDA:20,0,1,0
BRF:2
BRH:0
end_of_record
TN:
SF:routes\contacts\index.js
FNF:0
FNH:0
DA:1,1
DA:2,1
DA:9,1
DA:13,1
DA:14,1
DA:16,1
DA:17,1
DA:18,1
DA:19,1
DA:20,1
DA:21,1
DA:23,1
LF:12
LH:12
BRF:0
BRH:0
end_of_record
TN:
SF:routes\contacts\valid-router-contacts.js
FN:28,(anonymous_0)
FN:43,(anonymous_1)
FN:46,(anonymous_2)
FN:49,(anonymous_3)
FN:52,(anonymous_4)
FNF:5
FNH:3
FNDA:2,(anonymous_0)
FNDA:1,(anonymous_1)
FNDA:1,(anonymous_2)
FNDA:0,(anonymous_3)
FNDA:0,(anonymous_4)
DA:1,1
DA:2,1
DA:4,1
DA:10,1
DA:18,1
DA:24,1
DA:28,1
DA:29,2
DA:30,2
DA:31,1
DA:34,1
DA:35,1
DA:42,1
DA:44,1
DA:47,1
DA:50,0
DA:53,0
LF:17
LH:15
BRF:0
BRH:0
end_of_record
TN:
SF:routes\users\index.js
FNF:0
FNH:0
DA:1,1
DA:2,1
DA:3,1
DA:4,1
DA:5,1
DA:6,1
DA:9,1
DA:10,1
DA:11,1
DA:12,1
DA:13,1
DA:19,1
LF:12
LH:12
BRF:0
BRH:0
end_of_record
TN:
SF:routes\users\valid-router-user.js
FN:25,(anonymous_0)
FN:39,(anonymous_1)
FN:42,(anonymous_2)
FNF:3
FNH:0
FNDA:0,(anonymous_0)
FNDA:0,(anonymous_1)
FNDA:0,(anonymous_2)
DA:1,1
DA:2,1
DA:4,1
DA:14,1
DA:25,1
DA:26,0
DA:27,0
DA:28,0
DA:30,0
DA:31,0
DA:38,1
DA:40,0
DA:43,0
LF:13
LH:6
BRF:0
BRH:0
end_of_record
